# configure exec: ./configure --prefix=/home/bryan/Projects/go/trading-platform/server/node_modules/node-rdkafka/build/deps --libdir=/home/bryan/Projects/go/trading-platform/server/node_modules/node-rdkafka/build/deps --prefix=/home/bryan/Projects/go/trading-platform/server/node_modules/node-rdkafka/build/deps --libdir=/home/bryan/Projects/go/trading-platform/server/node_modules/node-rdkafka/build/deps
# On Sun Oct 30 06:06:45 PM +08 2022
DBG 1468671: Setting distro (distro) status to ok (action ignore)
DBG 1468671: ccenv: WITH_CC:  --version failed: mklove/modules/configure.base: line 1824: --version: command not found
DBG 1468671: Setting ccenv (ccenv) status to failed (action cont)
DBG 1468671: Check ccenv (WITH_CC, action cont (originally cont)) failed: command ' --version' failed:
mklove/modules/configure.base: line 1824: --version: command not found
DBG 1468671: Setting gcc (gcc) status to ok (action cont)
DBG 1468671: cxxenv: WITH_CXX:  --version failed: mklove/modules/configure.base: line 1824: --version: command not found
DBG 1468671: Setting cxxenv (cxxenv) status to failed (action cont)
DBG 1468671: Check cxxenv (WITH_CXX, action cont (originally cont)) failed: command ' --version' failed:
mklove/modules/configure.base: line 1824: --version: command not found
DBG 1468671: Setting gxx (gxx) status to ok (action cont)
DBG 1468671: Setting ld (ld) status to ok (action disable)
DBG 1468671: Setting nm (nm) status to ok (action disable)
DBG 1468671: Setting objdump (objdump) status to ok (action disable)
DBG 1468671: Setting strip (strip) status to ok (action disable)
DBG 1468671: libtool: : libtool is not executable: 
DBG 1468671: Setting libtool (libtool) status to failed (action disable)
DBG 1468671: Check libtool (, action disable (originally disable)) failed: libtool is not executable
DBG 1468671: Setting ranlib (ranlib) status to ok (action disable)
DBG 1468671: Setting pkgconfig (pkgconfig) status to ok (action cont)
DBG 1468671: Setting install (install) status to ok (action cont)
DBG 1468671: Setting gnuar (gnuar) status to ok (action disable)
DBG 1468671: Compile check PIC (HAVE_PIC) (sub=0): gcc  -g -O2 -Wall -Werror _mkltmpjePTUj.c -o _mkltmpjePTUj.c.o  -L/home/bryan/Projects/go/trading-platform/server/node_modules/node-rdkafka/build/deps -fPIC 
DBG 1468671: Setting PIC (PIC) status to ok (action disable)
DBG 1468671: Compile check gnulib (WITH_GNULD) (sub=0): gcc  -g -O2 -fPIC -Wall -Werror _mkltmpmE6uQ3.c -o _mkltmpmE6uQ3.c.o  -L/home/bryan/Projects/go/trading-platform/server/node_modules/node-rdkafka/build/deps -shared -Wl,-soname,mkltest.0 
DBG 1468671: Setting gnulib (gnulib) status to ok (action cont)
DBG 1468671: Compile check ldsflagvs () (sub=0): gcc  -g -O2 -fPIC -Wall -Werror _mkltmpiuY1Ol.c -o _mkltmpiuY1Ol.c.o  -L/home/bryan/Projects/go/trading-platform/server/node_modules/node-rdkafka/build/deps -shared -Wl,--version-script=_mkltmpmnEr87 
DBG 1468671: Setting ldsflagvs (ldsflagvs) status to ok (action cont)
DBG 1468671: Compile check __atomic_32 (HAVE_ATOMICS_32) (sub=0): gcc  -g -O2 -fPIC -Wall -Werror _mkltmpWWKUrv.c -o _mkltmpWWKUrv.c.o  -L/home/bryan/Projects/go/trading-platform/server/node_modules/node-rdkafka/build/deps  
DBG 1468671: Setting __atomic_32 (__atomic_32) status to ok (action cont)
DBG 1468671: Compile check __atomic_64 (HAVE_ATOMICS_64) (sub=0): gcc  -g -O2 -fPIC -Wall -Werror _mkltmpMTaySa.c -o _mkltmpMTaySa.c.o  -L/home/bryan/Projects/go/trading-platform/server/node_modules/node-rdkafka/build/deps  
DBG 1468671: Setting __atomic_64 (__atomic_64) status to ok (action cont)
DBG 1468671: Compile check socket () (sub=0): gcc  -g -O2 -fPIC -Wall -Wsign-compare -Wfloat-equal -Wpointer-arith -Wcast-align -Wall -Werror _mkltmpk9mYil.c -o _mkltmpk9mYil.c.o  -L/home/bryan/Projects/go/trading-platform/server/node_modules/node-rdkafka/build/deps  
DBG 1468671: Setting socket (socket) status to ok (action cont)
DBG 1468671: Setting parseversion (parseversion) status to ok (action cont)
DBG 1468671: pkg-config check librt for CFLAGS (): pkg-config --short-errors --cflags librt
DBG 1468671: 'pkg-config --short-errors --cflags librt' failed: No package 'librt' found
DBG 1468671: Setting librt_PKGCONFIG (librt_PKGCONFIG) status to failed (action cont)
DBG 1468671: Check librt_PKGCONFIG (, action cont (originally cont)) failed: 'pkg-config --short-errors --cflags librt' failed:
No package 'librt' found
DBG 1468671: librt: Check for static library (libs -lrt, arfile variable STATIC_LIB_librt=, static filenames )
DBG 1468671: Compile check librt () (sub=0): gcc  -g -O2 -fPIC -Wall -Wsign-compare -Wfloat-equal -Wpointer-arith -Wcast-align -Wall -Werror _mkltmpUXJiww.c -o _mkltmpUXJiww.c.o  -L/home/bryan/Projects/go/trading-platform/server/node_modules/node-rdkafka/build/deps -lrt 
DBG 1468671: Setting librt (librt) status to ok (action cont)
DBG 1468671: librt: from lib_check: LIBS: prepend -lrt
DBG 1468671: pkg-config check libpthread for CFLAGS (): pkg-config --short-errors --cflags libpthread
DBG 1468671: 'pkg-config --short-errors --cflags libpthread' failed: No package 'libpthread' found
DBG 1468671: Setting libpthread_PKGCONFIG (libpthread_PKGCONFIG) status to failed (action cont)
DBG 1468671: Check libpthread_PKGCONFIG (, action cont (originally cont)) failed: 'pkg-config --short-errors --cflags libpthread' failed:
No package 'libpthread' found
DBG 1468671: libpthread: Check for static library (libs -lpthread, arfile variable STATIC_LIB_libpthread=, static filenames )
DBG 1468671: Compile check libpthread () (sub=0): gcc  -g -O2 -fPIC -Wall -Wsign-compare -Wfloat-equal -Wpointer-arith -Wcast-align -Wall -Werror _mkltmp6xsZES.c -o _mkltmp6xsZES.c.o  -L/home/bryan/Projects/go/trading-platform/server/node_modules/node-rdkafka/build/deps -lpthread -lrt
DBG 1468671: Setting libpthread (libpthread) status to ok (action fail)
DBG 1468671: libpthread: from lib_check: LIBS: prepend -lpthread
DBG 1468671: pkg-config check c11threads for CFLAGS (WITH_C11THREADS): pkg-config --short-errors --cflags c11threads
DBG 1468671: 'pkg-config --short-errors --cflags c11threads' failed: No package 'c11threads' found
DBG 1468671: Setting c11threads_PKGCONFIG (c11threads_PKGCONFIG) status to failed (action cont)
DBG 1468671: Check c11threads_PKGCONFIG (, action cont (originally cont)) failed: 'pkg-config --short-errors --cflags c11threads' failed:
No package 'c11threads' found
DBG 1468671: c11threads: Check for static library (libs -lpthread -lrt, arfile variable STATIC_LIB_c11threads=, static filenames )
DBG 1468671: Compile check c11threads (WITH_C11THREADS) (sub=0): gcc  -g -O2 -fPIC -Wall -Wsign-compare -Wfloat-equal -Wpointer-arith -Wcast-align -Wall -Werror _mkltmptpY7Q0.c -o _mkltmptpY7Q0.c.o  -L/home/bryan/Projects/go/trading-platform/server/node_modules/node-rdkafka/build/deps -lpthread -lrt -lpthread -lrt
DBG 1468671: Setting c11threads (c11threads) status to ok (action disable)
DBG 1468671: c11threads: from lib_check: LIBS: prepend -lpthread -lrt
DBG 1468671: pkg-config check libdl for CFLAGS (WITH_LIBDL): pkg-config --short-errors --cflags libdl
DBG 1468671: 'pkg-config --short-errors --cflags libdl' failed: No package 'libdl' found
DBG 1468671: Setting libdl_PKGCONFIG (libdl_PKGCONFIG) status to failed (action cont)
DBG 1468671: Check libdl_PKGCONFIG (, action cont (originally cont)) failed: 'pkg-config --short-errors --cflags libdl' failed:
No package 'libdl' found
DBG 1468671: libdl: Check for static library (libs -ldl, arfile variable STATIC_LIB_libdl=, static filenames )
DBG 1468671: Compile check libdl (WITH_LIBDL) (sub=0): gcc  -g -O2 -fPIC -Wall -Wsign-compare -Wfloat-equal -Wpointer-arith -Wcast-align -Wall -Werror _mkltmp7jsjZf.c -o _mkltmp7jsjZf.c.o  -L/home/bryan/Projects/go/trading-platform/server/node_modules/node-rdkafka/build/deps -ldl -lpthread -lrt -lpthread -lrt
DBG 1468671: Setting libdl (libdl) status to ok (action disable)
DBG 1468671: libdl: from lib_check: LIBS: prepend -ldl
DBG 1468671: pkg-config check zlib for CFLAGS (WITH_ZLIB): pkg-config --short-errors --cflags zlib
DBG 1468671: pkg-config check zlib for LIBS (WITH_ZLIB): pkg-config --short-errors --libs zlib
DBG 1468671: zlib: from pkg-config: CFLAGS '', LIBS '-ldl -lpthread -lrt -lpthread -lrt'
DBG 1468671: zlib: performing compile check using pkg-config info
DBG 1468671: Compile check zlib (WITH_ZLIB) (sub=1): gcc  -g -O2 -fPIC -Wall -Wsign-compare -Wfloat-equal -Wpointer-arith -Wcast-align -Wall -Werror _mkltmpap1kCw.c -o _mkltmpap1kCw.c.o  -L/home/bryan/Projects/go/trading-platform/server/node_modules/node-rdkafka/build/deps  -lz -ldl -lpthread -lrt -lpthread -lrt
DBG 1468671: zlib: Check for static library (libs -lz, arfile variable STATIC_LIB_zlib=, static filenames libz.a)
DBG 1468671: zlib: from pkg-config: LIBS: prepend -lz
DBG 1468671: Setting zlib (zlib) status to ok (action cont)
DBG 1468671: pkg-config check libcrypto for CFLAGS (): pkg-config --short-errors --cflags libcrypto
DBG 1468671: 'pkg-config --short-errors --cflags libcrypto' failed: No package 'libcrypto' found
DBG 1468671: Setting libcrypto_PKGCONFIG (libcrypto_PKGCONFIG) status to failed (action cont)
DBG 1468671: Check libcrypto_PKGCONFIG (, action cont (originally cont)) failed: 'pkg-config --short-errors --cflags libcrypto' failed:
No package 'libcrypto' found
DBG 1468671: libcrypto: Check for static library (libs -lcrypto, arfile variable STATIC_LIB_libcrypto=, static filenames libcrypto.a)
DBG 1468671: Compile check libcrypto () (sub=0): gcc  -g -O2 -fPIC -Wall -Wsign-compare -Wfloat-equal -Wpointer-arith -Wcast-align -Wall -Werror _mkltmpPF6MZc.c -o _mkltmpPF6MZc.c.o  -L/home/bryan/Projects/go/trading-platform/server/node_modules/node-rdkafka/build/deps -lcrypto -lz -ldl -lpthread -lrt -lpthread -lrt
DBG 1468671: compile check for libcrypto () failed: gcc  -g -O2 -fPIC -Wall -Wsign-compare -Wfloat-equal -Wpointer-arith -Wcast-align -Wall -Werror _mkltmpPF6MZc.c -o _mkltmpPF6MZc.c.o  -L/home/bryan/Projects/go/trading-platform/server/node_modules/node-rdkafka/build/deps -lcrypto -lz -ldl -lpthread -lrt -lpthread -lrt: _mkltmpPF6MZc.c:2:10: fatal error: openssl/ssl.h: No such file or directory
    2 | #include <openssl/ssl.h>
      |          ^~~~~~~~~~~~~~~
compilation terminated.
DBG 1468671: Setting libcrypto (libcrypto) status to failed (action disable)
DBG 1468671: Check libcrypto (, action disable (originally disable)) failed: compile check failed:
CC: CC
flags: -lcrypto
gcc  -g -O2 -fPIC -Wall -Wsign-compare -Wfloat-equal -Wpointer-arith -Wcast-align -Wall -Werror _mkltmpPF6MZc.c -o _mkltmpPF6MZc.c.o  -L/home/bryan/Projects/go/trading-platform/server/node_modules/node-rdkafka/build/deps -lcrypto -lz -ldl -lpthread -lrt -lpthread -lrt:
_mkltmpPF6MZc.c:2:10: fatal error: openssl/ssl.h: No such file or directory
    2 | #include <openssl/ssl.h>
      |          ^~~~~~~~~~~~~~~
compilation terminated.
source: 
#include <openssl/ssl.h>
#include <openssl/evp.h>
#if OPENSSL_VERSION_NUMBER < 0x1000100fL
#error "Requires OpenSSL version >= v1.0.1"
#endif
DBG 1468671: pkg-config check libsasl2 for CFLAGS (WITH_SASL_CYRUS): pkg-config --short-errors --cflags libsasl2
DBG 1468671: 'pkg-config --short-errors --cflags libsasl2' failed: No package 'libsasl2' found
DBG 1468671: Setting libsasl2_PKGCONFIG (libsasl2_PKGCONFIG) status to failed (action cont)
DBG 1468671: Check libsasl2_PKGCONFIG (, action cont (originally cont)) failed: 'pkg-config --short-errors --cflags libsasl2' failed:
No package 'libsasl2' found
DBG 1468671: libsasl2: Check for static library (libs -lsasl2, arfile variable STATIC_LIB_libsasl2=, static filenames )
DBG 1468671: Compile check libsasl2 (WITH_SASL_CYRUS) (sub=0): gcc  -g -O2 -fPIC -Wall -Wsign-compare -Wfloat-equal -Wpointer-arith -Wcast-align -Wall -Werror _mkltmpqRHk1B.c -o _mkltmpqRHk1B.c.o  -L/home/bryan/Projects/go/trading-platform/server/node_modules/node-rdkafka/build/deps -lsasl2 -lz -ldl -lpthread -lrt -lpthread -lrt
DBG 1468671: compile check for libsasl2 (WITH_SASL_CYRUS) failed: gcc  -g -O2 -fPIC -Wall -Wsign-compare -Wfloat-equal -Wpointer-arith -Wcast-align -Wall -Werror _mkltmpqRHk1B.c -o _mkltmpqRHk1B.c.o  -L/home/bryan/Projects/go/trading-platform/server/node_modules/node-rdkafka/build/deps -lsasl2 -lz -ldl -lpthread -lrt -lpthread -lrt: _mkltmpqRHk1B.c:3:10: fatal error: sasl/sasl.h: No such file or directory
    3 | #include <sasl/sasl.h>
      |          ^~~~~~~~~~~~~
compilation terminated.
DBG 1468671: Setting libsasl2 (libsasl2) status to failed (action disable)
DBG 1468671: Check libsasl2 (WITH_SASL_CYRUS, action disable (originally disable)) failed: compile check failed:
CC: CC
flags: -lsasl2
gcc  -g -O2 -fPIC -Wall -Wsign-compare -Wfloat-equal -Wpointer-arith -Wcast-align -Wall -Werror _mkltmpqRHk1B.c -o _mkltmpqRHk1B.c.o  -L/home/bryan/Projects/go/trading-platform/server/node_modules/node-rdkafka/build/deps -lsasl2 -lz -ldl -lpthread -lrt -lpthread -lrt:
_mkltmpqRHk1B.c:3:10: fatal error: sasl/sasl.h: No such file or directory
    3 | #include <sasl/sasl.h>
      |          ^~~~~~~~~~~~~
compilation terminated.
source: 
#include <stddef.h>
#include <sasl/sasl.h>

DBG 1468671: pkg-config check libsasl for CFLAGS (WITH_SASL_CYRUS): pkg-config --short-errors --cflags libsasl
DBG 1468671: 'pkg-config --short-errors --cflags libsasl' failed: No package 'libsasl' found
DBG 1468671: Setting libsasl_PKGCONFIG (libsasl_PKGCONFIG) status to failed (action cont)
DBG 1468671: Check libsasl_PKGCONFIG (, action cont (originally cont)) failed: 'pkg-config --short-errors --cflags libsasl' failed:
No package 'libsasl' found
DBG 1468671: libsasl: Check for static library (libs -lsasl, arfile variable STATIC_LIB_libsasl=, static filenames )
DBG 1468671: Compile check libsasl (WITH_SASL_CYRUS) (sub=0): gcc  -g -O2 -fPIC -Wall -Wsign-compare -Wfloat-equal -Wpointer-arith -Wcast-align -Wall -Werror _mkltmpODC2Pc.c -o _mkltmpODC2Pc.c.o  -L/home/bryan/Projects/go/trading-platform/server/node_modules/node-rdkafka/build/deps -lsasl -lz -ldl -lpthread -lrt -lpthread -lrt
DBG 1468671: compile check for libsasl (WITH_SASL_CYRUS) failed: gcc  -g -O2 -fPIC -Wall -Wsign-compare -Wfloat-equal -Wpointer-arith -Wcast-align -Wall -Werror _mkltmpODC2Pc.c -o _mkltmpODC2Pc.c.o  -L/home/bryan/Projects/go/trading-platform/server/node_modules/node-rdkafka/build/deps -lsasl -lz -ldl -lpthread -lrt -lpthread -lrt: _mkltmpODC2Pc.c:3:10: fatal error: sasl/sasl.h: No such file or directory
    3 | #include <sasl/sasl.h>
      |          ^~~~~~~~~~~~~
compilation terminated.
DBG 1468671: Setting libsasl (libsasl) status to failed (action disable)
DBG 1468671: Check libsasl (WITH_SASL_CYRUS, action disable (originally disable)) failed: compile check failed:
CC: CC
flags: -lsasl
gcc  -g -O2 -fPIC -Wall -Wsign-compare -Wfloat-equal -Wpointer-arith -Wcast-align -Wall -Werror _mkltmpODC2Pc.c -o _mkltmpODC2Pc.c.o  -L/home/bryan/Projects/go/trading-platform/server/node_modules/node-rdkafka/build/deps -lsasl -lz -ldl -lpthread -lrt -lpthread -lrt:
_mkltmpODC2Pc.c:3:10: fatal error: sasl/sasl.h: No such file or directory
    3 | #include <sasl/sasl.h>
      |          ^~~~~~~~~~~~~
compilation terminated.
source: 
#include <stddef.h>
#include <sasl/sasl.h>

DBG 1468671: pkg-config check libzstd for CFLAGS (WITH_ZSTD): pkg-config --short-errors --cflags libzstd
DBG 1468671: 'pkg-config --short-errors --cflags libzstd' failed: No package 'libzstd' found
DBG 1468671: Setting libzstd_PKGCONFIG (libzstd_PKGCONFIG) status to failed (action cont)
DBG 1468671: Check libzstd_PKGCONFIG (, action cont (originally cont)) failed: 'pkg-config --short-errors --cflags libzstd' failed:
No package 'libzstd' found
DBG 1468671: libzstd: Check for static library (libs -lzstd, arfile variable STATIC_LIB_libzstd=, static filenames libzstd.a)
DBG 1468671: Compile check libzstd (WITH_ZSTD) (sub=0): gcc  -g -O2 -fPIC -Wall -Wsign-compare -Wfloat-equal -Wpointer-arith -Wcast-align -Wall -Werror _mkltmpEJ4kov.c -o _mkltmpEJ4kov.c.o  -L/home/bryan/Projects/go/trading-platform/server/node_modules/node-rdkafka/build/deps -lzstd -lz -ldl -lpthread -lrt -lpthread -lrt
DBG 1468671: compile check for libzstd (WITH_ZSTD) failed: gcc  -g -O2 -fPIC -Wall -Wsign-compare -Wfloat-equal -Wpointer-arith -Wcast-align -Wall -Werror _mkltmpEJ4kov.c -o _mkltmpEJ4kov.c.o  -L/home/bryan/Projects/go/trading-platform/server/node_modules/node-rdkafka/build/deps -lzstd -lz -ldl -lpthread -lrt -lpthread -lrt: _mkltmpEJ4kov.c:2:10: fatal error: zstd.h: No such file or directory
    2 | #include <zstd.h>
      |          ^~~~~~~~
compilation terminated.
DBG 1468671: Setting libzstd (libzstd) status to failed (action disable)
DBG 1468671: Check libzstd (WITH_ZSTD, action disable (originally disable)) failed: compile check failed:
CC: CC
flags: -lzstd
gcc  -g -O2 -fPIC -Wall -Wsign-compare -Wfloat-equal -Wpointer-arith -Wcast-align -Wall -Werror _mkltmpEJ4kov.c -o _mkltmpEJ4kov.c.o  -L/home/bryan/Projects/go/trading-platform/server/node_modules/node-rdkafka/build/deps -lzstd -lz -ldl -lpthread -lrt -lpthread -lrt:
_mkltmpEJ4kov.c:2:10: fatal error: zstd.h: No such file or directory
    2 | #include <zstd.h>
      |          ^~~~~~~~
compilation terminated.
source: 
#include <zstd.h>
#include <zstd_errors.h>

void foo (void) {
     ZSTD_getFrameContentSize(NULL, 0);
}

DBG 1468671: pkg-config check libcurl for CFLAGS (WITH_CURL): pkg-config --short-errors --cflags libcurl
DBG 1468671: 'pkg-config --short-errors --cflags libcurl' failed: No package 'libcurl' found
DBG 1468671: Setting libcurl_PKGCONFIG (libcurl_PKGCONFIG) status to failed (action cont)
DBG 1468671: Check libcurl_PKGCONFIG (, action cont (originally cont)) failed: 'pkg-config --short-errors --cflags libcurl' failed:
No package 'libcurl' found
DBG 1468671: libcurl: Check for static library (libs -lcurl, arfile variable STATIC_LIB_libcurl=, static filenames libcurl.a)
DBG 1468671: Compile check libcurl (WITH_CURL) (sub=0): gcc  -g -O2 -fPIC -Wall -Wsign-compare -Wfloat-equal -Wpointer-arith -Wcast-align -Wall -Werror _mkltmprFBEJN.c -o _mkltmprFBEJN.c.o  -L/home/bryan/Projects/go/trading-platform/server/node_modules/node-rdkafka/build/deps -lcurl -lz -ldl -lpthread -lrt -lpthread -lrt
DBG 1468671: compile check for libcurl (WITH_CURL) failed: gcc  -g -O2 -fPIC -Wall -Wsign-compare -Wfloat-equal -Wpointer-arith -Wcast-align -Wall -Werror _mkltmprFBEJN.c -o _mkltmprFBEJN.c.o  -L/home/bryan/Projects/go/trading-platform/server/node_modules/node-rdkafka/build/deps -lcurl -lz -ldl -lpthread -lrt -lpthread -lrt: _mkltmprFBEJN.c:2:10: fatal error: curl/curl.h: No such file or directory
    2 | #include <curl/curl.h>
      |          ^~~~~~~~~~~~~
compilation terminated.
DBG 1468671: Setting libcurl (libcurl) status to failed (action disable)
DBG 1468671: Check libcurl (WITH_CURL, action disable (originally disable)) failed: compile check failed:
CC: CC
flags: -lcurl
gcc  -g -O2 -fPIC -Wall -Wsign-compare -Wfloat-equal -Wpointer-arith -Wcast-align -Wall -Werror _mkltmprFBEJN.c -o _mkltmprFBEJN.c.o  -L/home/bryan/Projects/go/trading-platform/server/node_modules/node-rdkafka/build/deps -lcurl -lz -ldl -lpthread -lrt -lpthread -lrt:
_mkltmprFBEJN.c:2:10: fatal error: curl/curl.h: No such file or directory
    2 | #include <curl/curl.h>
      |          ^~~~~~~~~~~~~
compilation terminated.
source: 
#include <curl/curl.h>

void foo (void) {
     curl_global_init(CURL_GLOBAL_DEFAULT);
}

DBG 1468671: pkg-config check libm for CFLAGS (): pkg-config --short-errors --cflags libm
DBG 1468671: 'pkg-config --short-errors --cflags libm' failed: No package 'libm' found
DBG 1468671: Setting libm_PKGCONFIG (libm_PKGCONFIG) status to failed (action cont)
DBG 1468671: Check libm_PKGCONFIG (, action cont (originally cont)) failed: 'pkg-config --short-errors --cflags libm' failed:
No package 'libm' found
DBG 1468671: libm: Check for static library (libs -lm, arfile variable STATIC_LIB_libm=, static filenames )
DBG 1468671: Compile check libm () (sub=0): gcc  -g -O2 -fPIC -Wall -Wsign-compare -Wfloat-equal -Wpointer-arith -Wcast-align -Wall -Werror _mkltmpN0NOmr.c -o _mkltmpN0NOmr.c.o  -L/home/bryan/Projects/go/trading-platform/server/node_modules/node-rdkafka/build/deps -lm -lz -ldl -lpthread -lrt -lpthread -lrt
DBG 1468671: Setting libm (libm) status to ok (action disable)
DBG 1468671: libm: from lib_check: LIBS: prepend -lm
DBG 1468671: pkg-config check liblz4 for CFLAGS (WITH_LZ4_EXT): pkg-config --short-errors --cflags liblz4
DBG 1468671: 'pkg-config --short-errors --cflags liblz4' failed: No package 'liblz4' found
DBG 1468671: Setting liblz4_PKGCONFIG (liblz4_PKGCONFIG) status to failed (action cont)
DBG 1468671: Check liblz4_PKGCONFIG (, action cont (originally cont)) failed: 'pkg-config --short-errors --cflags liblz4' failed:
No package 'liblz4' found
DBG 1468671: liblz4: Check for static library (libs -llz4, arfile variable STATIC_LIB_liblz4=, static filenames liblz4.a)
DBG 1468671: Compile check liblz4 (WITH_LZ4_EXT) (sub=0): gcc  -g -O2 -fPIC -Wall -Wsign-compare -Wfloat-equal -Wpointer-arith -Wcast-align -Wall -Werror _mkltmpnZBof2.c -o _mkltmpnZBof2.c.o  -L/home/bryan/Projects/go/trading-platform/server/node_modules/node-rdkafka/build/deps -llz4 -lm -lz -ldl -lpthread -lrt -lpthread -lrt
DBG 1468671: compile check for liblz4 (WITH_LZ4_EXT) failed: gcc  -g -O2 -fPIC -Wall -Wsign-compare -Wfloat-equal -Wpointer-arith -Wcast-align -Wall -Werror _mkltmpnZBof2.c -o _mkltmpnZBof2.c.o  -L/home/bryan/Projects/go/trading-platform/server/node_modules/node-rdkafka/build/deps -llz4 -lm -lz -ldl -lpthread -lrt -lpthread -lrt: _mkltmpnZBof2.c:1:10: fatal error: lz4frame.h: No such file or directory
    1 | #include <lz4frame.h>
      |          ^~~~~~~~~~~~
compilation terminated.
DBG 1468671: Setting liblz4 (liblz4) status to failed (action disable)
DBG 1468671: Check liblz4 (WITH_LZ4_EXT, action disable (originally disable)) failed: compile check failed:
CC: CC
flags: -llz4
gcc  -g -O2 -fPIC -Wall -Wsign-compare -Wfloat-equal -Wpointer-arith -Wcast-align -Wall -Werror _mkltmpnZBof2.c -o _mkltmpnZBof2.c.o  -L/home/bryan/Projects/go/trading-platform/server/node_modules/node-rdkafka/build/deps -llz4 -lm -lz -ldl -lpthread -lrt -lpthread -lrt:
_mkltmpnZBof2.c:1:10: fatal error: lz4frame.h: No such file or directory
    1 | #include <lz4frame.h>
      |          ^~~~~~~~~~~~
compilation terminated.
source: #include <lz4frame.h>
DBG 1468671: Compile check syslog (WITH_SYSLOG) (sub=0): gcc  -g -O2 -fPIC -Wall -Wsign-compare -Wfloat-equal -Wpointer-arith -Wcast-align -Wall -Werror _mkltmpxcjph3.c -o _mkltmpxcjph3.c.o  -L/home/bryan/Projects/go/trading-platform/server/node_modules/node-rdkafka/build/deps  -lm -lz -ldl -lpthread -lrt -lpthread -lrt
DBG 1468671: Setting syslog (syslog) status to ok (action disable)
DBG 1468671: Compile check rapidjson (WITH_RAPIDJSON) (sub=0): g++  -g -O2 -fPIC -Wall -Wsign-compare -Wfloat-equal -Wpointer-arith -Wcast-align -Wall -Werror _mkltmpsLKK8u.cpp -o _mkltmpsLKK8u.cpp.o  -L/home/bryan/Projects/go/trading-platform/server/node_modules/node-rdkafka/build/deps  -lm -lz -ldl -lpthread -lrt -lpthread -lrt
DBG 1468671: compile check for rapidjson (WITH_RAPIDJSON) failed: g++  -g -O2 -fPIC -Wall -Wsign-compare -Wfloat-equal -Wpointer-arith -Wcast-align -Wall -Werror _mkltmpsLKK8u.cpp -o _mkltmpsLKK8u.cpp.o  -L/home/bryan/Projects/go/trading-platform/server/node_modules/node-rdkafka/build/deps  -lm -lz -ldl -lpthread -lrt -lpthread -lrt: _mkltmpsLKK8u.cpp:1:10: fatal error: rapidjson/schema.h: No such file or directory
    1 | #include <rapidjson/schema.h>
      |          ^~~~~~~~~~~~~~~~~~~~
compilation terminated.
DBG 1468671: Setting rapidjson (rapidjson) status to failed (action disable)
DBG 1468671: Check rapidjson (WITH_RAPIDJSON, action disable (originally disable)) failed: compile check failed:
CC: CXX
flags: 
g++  -g -O2 -fPIC -Wall -Wsign-compare -Wfloat-equal -Wpointer-arith -Wcast-align -Wall -Werror _mkltmpsLKK8u.cpp -o _mkltmpsLKK8u.cpp.o  -L/home/bryan/Projects/go/trading-platform/server/node_modules/node-rdkafka/build/deps  -lm -lz -ldl -lpthread -lrt -lpthread -lrt:
_mkltmpsLKK8u.cpp:1:10: fatal error: rapidjson/schema.h: No such file or directory
    1 | #include <rapidjson/schema.h>
      |          ^~~~~~~~~~~~~~~~~~~~
compilation terminated.
source: #include <rapidjson/schema.h>
DBG 1468671: Compile check crc32chw (WITH_CRC32C_HW) (sub=0): gcc  -g -O2 -fPIC -Wall -Wsign-compare -Wfloat-equal -Wpointer-arith -Wcast-align -Wall -Werror _mkltmplfS0K6.c -o _mkltmplfS0K6.c.o  -L/home/bryan/Projects/go/trading-platform/server/node_modules/node-rdkafka/build/deps  -lm -lz -ldl -lpthread -lrt -lpthread -lrt
DBG 1468671: Setting crc32chw (crc32chw) status to ok (action disable)
DBG 1468671: Compile check regex (HAVE_REGEX) (sub=0): gcc  -g -O2 -fPIC -Wall -Wsign-compare -Wfloat-equal -Wpointer-arith -Wcast-align -Wall -Werror _mkltmpiNgJ3k.c -o _mkltmpiNgJ3k.c.o  -L/home/bryan/Projects/go/trading-platform/server/node_modules/node-rdkafka/build/deps  -lm -lz -ldl -lpthread -lrt -lpthread -lrt
DBG 1468671: Setting regex (regex) status to ok (action disable)
DBG 1468671: Compile check rand_r (HAVE_RAND_R) (sub=0): gcc  -g -O2 -fPIC -Wall -Wsign-compare -Wfloat-equal -Wpointer-arith -Wcast-align -Wall -Werror _mkltmpxZKMJV.c -o _mkltmpxZKMJV.c.o  -L/home/bryan/Projects/go/trading-platform/server/node_modules/node-rdkafka/build/deps  -lm -lz -ldl -lpthread -lrt -lpthread -lrt
DBG 1468671: Setting rand_r (rand_r) status to ok (action disable)
DBG 1468671: Compile check strndup (HAVE_STRNDUP) (sub=0): gcc  -g -O2 -fPIC -Wall -Wsign-compare -Wfloat-equal -Wpointer-arith -Wcast-align -Wall -Werror _mkltmp8wa89q.c -o _mkltmp8wa89q.c.o  -L/home/bryan/Projects/go/trading-platform/server/node_modules/node-rdkafka/build/deps  -lm -lz -ldl -lpthread -lrt -lpthread -lrt
DBG 1468671: Setting strndup (strndup) status to ok (action disable)
DBG 1468671: Compile check strlcpy (HAVE_STRLCPY) (sub=0): gcc  -g -O2 -fPIC -Wall -Wsign-compare -Wfloat-equal -Wpointer-arith -Wcast-align -Wall -Werror _mkltmp1Z1HNu.c -o _mkltmp1Z1HNu.c.o  -L/home/bryan/Projects/go/trading-platform/server/node_modules/node-rdkafka/build/deps  -lm -lz -ldl -lpthread -lrt -lpthread -lrt
DBG 1468671: compile check for strlcpy (HAVE_STRLCPY) failed: gcc  -g -O2 -fPIC -Wall -Wsign-compare -Wfloat-equal -Wpointer-arith -Wcast-align -Wall -Werror _mkltmp1Z1HNu.c -o _mkltmp1Z1HNu.c.o  -L/home/bryan/Projects/go/trading-platform/server/node_modules/node-rdkafka/build/deps  -lm -lz -ldl -lpthread -lrt -lpthread -lrt: _mkltmp1Z1HNu.c: In function ‘foo’:
_mkltmp1Z1HNu.c:6:11: error: implicit declaration of function ‘strlcpy’; did you mean ‘strncpy’? [-Werror=implicit-function-declaration]
    6 |    return strlcpy(dest, "something", sizeof(dest));
      |           ^~~~~~~
      |           strncpy
cc1: all warnings being treated as errors
DBG 1468671: Setting strlcpy (strlcpy) status to failed (action disable)
DBG 1468671: Check strlcpy (HAVE_STRLCPY, action disable (originally disable)) failed: compile check failed:
CC: CC
flags: 
gcc  -g -O2 -fPIC -Wall -Wsign-compare -Wfloat-equal -Wpointer-arith -Wcast-align -Wall -Werror _mkltmp1Z1HNu.c -o _mkltmp1Z1HNu.c.o  -L/home/bryan/Projects/go/trading-platform/server/node_modules/node-rdkafka/build/deps  -lm -lz -ldl -lpthread -lrt -lpthread -lrt:
_mkltmp1Z1HNu.c: In function ‘foo’:
_mkltmp1Z1HNu.c:6:11: error: implicit declaration of function ‘strlcpy’; did you mean ‘strncpy’? [-Werror=implicit-function-declaration]
    6 |    return strlcpy(dest, "something", sizeof(dest));
      |           ^~~~~~~
      |           strncpy
cc1: all warnings being treated as errors
source: 
#define _DARWIN_C_SOURCE
#include <string.h>
int foo (void) {
    char dest[4];
   return strlcpy(dest, "something", sizeof(dest));
}
DBG 1468671: Compile check strerror_r (HAVE_STRERROR_R) (sub=0): gcc  -g -O2 -fPIC -Wall -Wsign-compare -Wfloat-equal -Wpointer-arith -Wcast-align -Wall -Werror _mkltmpaZJgDt.c -o _mkltmpaZJgDt.c.o  -L/home/bryan/Projects/go/trading-platform/server/node_modules/node-rdkafka/build/deps  -lm -lz -ldl -lpthread -lrt -lpthread -lrt
DBG 1468671: Setting strerror_r (strerror_r) status to ok (action disable)
DBG 1468671: Compile check strcasestr (HAVE_STRCASESTR) (sub=0): gcc  -g -O2 -fPIC -Wall -Wsign-compare -Wfloat-equal -Wpointer-arith -Wcast-align -Wall -Werror _mkltmpRpvNeW.c -o _mkltmpRpvNeW.c.o  -L/home/bryan/Projects/go/trading-platform/server/node_modules/node-rdkafka/build/deps  -lm -lz -ldl -lpthread -lrt -lpthread -lrt
DBG 1468671: Setting strcasestr (strcasestr) status to ok (action disable)
DBG 1468671: Compile check pthread_setname_gnu (HAVE_PTHREAD_SETNAME_GNU) (sub=0): gcc  -g -O2 -fPIC -Wall -Wsign-compare -Wfloat-equal -Wpointer-arith -Wcast-align -Wall -Werror _mkltmptbQeww.c -o _mkltmptbQeww.c.o  -L/home/bryan/Projects/go/trading-platform/server/node_modules/node-rdkafka/build/deps -D_GNU_SOURCE -lpthread -lm -lz -ldl -lpthread -lrt -lpthread -lrt
DBG 1468671: Setting pthread_setname_gnu (pthread_setname_gnu) status to ok (action disable)
DBG 1468671: Setting nm (nm) status to ok (action cont)
DBG 1468671: Setting python3 (python3) status to ok (action disable)
DBG 1468671: Compile check getrusage (HAVE_GETRUSAGE) (sub=0): gcc  -g -O2 -fPIC -Wall -Wsign-compare -Wfloat-equal -Wpointer-arith -Wcast-align -Wall -Werror _mkltmpPk6qkN.c -o _mkltmpPk6qkN.c.o  -L/home/bryan/Projects/go/trading-platform/server/node_modules/node-rdkafka/build/deps  -lm -lz -ldl -lpthread -lrt -lpthread -lrt
DBG 1468671: Setting getrusage (getrusage) status to ok (action disable)
